2026-04-20 21:59:58,445 - STGT - number of parameters: 6.536245e+07
2026-04-20 22:01:47,438 - root - Training, epoch 1, loss 19.79935, lr 1.000000e-04.
2026-04-20 22:01:53,585 - root - Valid, epoch 1, loss 18.66598.
2026-04-20 22:01:53,585 - root - test loss: 18.672809
2026-04-20 22:01:53,585 - root - Best epoch: 001, saving model to ./results.epoch40/ct_dma-pos-pos_vicinity-10-40-blur-True-False-2-1.0-data_size-500-540-60-144-embd_size-256-256-128-128-head-8-8-bs-32-seqlen-18-120-GraphSAGE-15min-Kinematic-fixed-ENV/model.pt
2026-04-20 22:01:53,801 - root - New best model! test_loss=18.6728
2026-04-20 22:01:53,850 - root - Sampling failed: Sizes of tensors must match except in dimension 1. Expected size 10 but got size 4 for tensor number 1 in the list.
2026-04-20 22:03:42,020 - root - Training, epoch 2, loss 17.32426, lr 7.608142e-04.
2026-04-20 22:03:48,157 - root - Valid, epoch 2, loss 15.55678.
2026-04-20 22:03:48,157 - root - test loss: 15.561490
2026-04-20 22:03:48,157 - root - Best epoch: 002, saving model to ./results.epoch40/ct_dma-pos-pos_vicinity-10-40-blur-True-False-2-1.0-data_size-500-540-60-144-embd_size-256-256-128-128-head-8-8-bs-32-seqlen-18-120-GraphSAGE-15min-Kinematic-fixed-ENV/model.pt
2026-04-20 22:03:48,392 - root - New best model! test_loss=15.5615
2026-04-20 22:03:48,408 - root - Sampling failed: Sizes of tensors must match except in dimension 1. Expected size 10 but got size 4 for tensor number 1 in the list.
2026-04-20 22:05:36,850 - root - Training, epoch 3, loss 14.49733, lr 4.761926e-04.
2026-04-20 22:05:43,012 - root - Valid, epoch 3, loss 13.59176.
2026-04-20 22:05:43,012 - root - test loss: 13.577643
2026-04-20 22:05:43,013 - root - Best epoch: 003, saving model to ./results.epoch40/ct_dma-pos-pos_vicinity-10-40-blur-True-False-2-1.0-data_size-500-540-60-144-embd_size-256-256-128-128-head-8-8-bs-32-seqlen-18-120-GraphSAGE-15min-Kinematic-fixed-ENV/model.pt
2026-04-20 22:05:43,254 - root - New best model! test_loss=13.5776
2026-04-20 22:05:43,275 - root - Sampling failed: Sizes of tensors must match except in dimension 1. Expected size 10 but got size 4 for tensor number 1 in the list.
2026-04-20 22:07:32,187 - root - Training, epoch 4, loss 13.33615, lr 2.809460e-04.
2026-04-20 22:07:38,348 - root - Valid, epoch 4, loss 12.36270.
2026-04-20 22:07:38,348 - root - test loss: 12.355837
2026-04-20 22:07:38,349 - root - Best epoch: 004, saving model to ./results.epoch40/ct_dma-pos-pos_vicinity-10-40-blur-True-False-2-1.0-data_size-500-540-60-144-embd_size-256-256-128-128-head-8-8-bs-32-seqlen-18-120-GraphSAGE-15min-Kinematic-fixed-ENV/model.pt
2026-04-20 22:07:38,575 - root - New best model! test_loss=12.3558
2026-04-20 22:07:38,592 - root - Sampling failed: Sizes of tensors must match except in dimension 1. Expected size 10 but got size 4 for tensor number 1 in the list.
2026-04-20 22:09:27,985 - root - Training, epoch 5, loss 12.54838, lr 9.080466e-04.
2026-04-20 22:09:34,195 - root - Valid, epoch 5, loss 12.46600.
2026-04-20 22:09:34,196 - root - test loss: 12.464796
2026-04-20 22:09:34,211 - root - Sampling failed: Sizes of tensors must match except in dimension 1. Expected size 10 but got size 4 for tensor number 1 in the list.
2026-04-20 22:11:23,367 - root - Training, epoch 6, loss 11.66153, lr 1.000000e-04.
2026-04-20 22:11:29,534 - root - Valid, epoch 6, loss 10.69203.
2026-04-20 22:11:29,534 - root - test loss: 10.704624
2026-04-20 22:11:29,535 - root - Best epoch: 006, saving model to ./results.epoch40/ct_dma-pos-pos_vicinity-10-40-blur-True-False-2-1.0-data_size-500-540-60-144-embd_size-256-256-128-128-head-8-8-bs-32-seqlen-18-120-GraphSAGE-15min-Kinematic-fixed-ENV/model.pt
2026-04-20 22:11:29,785 - root - New best model! test_loss=10.7046
2026-04-20 22:11:29,803 - root - Sampling failed: Sizes of tensors must match except in dimension 1. Expected size 10 but got size 4 for tensor number 1 in the list.
2026-04-20 22:13:18,962 - root - Training, epoch 7, loss 10.86271, lr 9.631974e-04.
2026-04-20 22:13:25,152 - root - Valid, epoch 7, loss 11.45068.
2026-04-20 22:13:25,153 - root - test loss: 11.452837
2026-04-20 22:13:25,170 - root - Sampling failed: Sizes of tensors must match except in dimension 1. Expected size 10 but got size 4 for tensor number 1 in the list.
2026-04-20 22:15:14,277 - root - Training, epoch 8, loss 10.30133, lr 1.842069e-04.
2026-04-20 22:15:20,480 - root - Valid, epoch 8, loss 9.41850.
2026-04-20 22:15:20,481 - root - test loss: 9.404000
2026-04-20 22:15:20,481 - root - Best epoch: 008, saving model to ./results.epoch40/ct_dma-pos-pos_vicinity-10-40-blur-True-False-2-1.0-data_size-500-540-60-144-embd_size-256-256-128-128-head-8-8-bs-32-seqlen-18-120-GraphSAGE-15min-Kinematic-fixed-ENV/model.pt
2026-04-20 22:15:20,718 - root - New best model! test_loss=9.4040
2026-04-20 22:15:20,733 - root - Sampling failed: Sizes of tensors must match except in dimension 1. Expected size 10 but got size 4 for tensor number 1 in the list.
2026-04-20 22:17:09,956 - root - Training, epoch 9, loss 9.47463, lr 5.907305e-04.
2026-04-20 22:17:16,121 - root - Valid, epoch 9, loss 8.97560.
2026-04-20 22:17:16,121 - root - test loss: 8.977799
2026-04-20 22:17:16,121 - root - Best epoch: 009, saving model to ./results.epoch40/ct_dma-pos-pos_vicinity-10-40-blur-True-False-2-1.0-data_size-500-540-60-144-embd_size-256-256-128-128-head-8-8-bs-32-seqlen-18-120-GraphSAGE-15min-Kinematic-fixed-ENV/model.pt
2026-04-20 22:17:16,366 - root - New best model! test_loss=8.9778
2026-04-20 22:17:16,381 - root - Sampling failed: Sizes of tensors must match except in dimension 1. Expected size 10 but got size 4 for tensor number 1 in the list.
2026-04-20 22:19:05,642 - root - Training, epoch 10, loss 8.99128, lr 6.566442e-04.
2026-04-20 22:19:11,844 - root - Valid, epoch 10, loss 8.90538.
2026-04-20 22:19:11,844 - root - test loss: 8.921639
2026-04-20 22:19:11,844 - root - Best epoch: 010, saving model to ./results.epoch40/ct_dma-pos-pos_vicinity-10-40-blur-True-False-2-1.0-data_size-500-540-60-144-embd_size-256-256-128-128-head-8-8-bs-32-seqlen-18-120-GraphSAGE-15min-Kinematic-fixed-ENV/model.pt
2026-04-20 22:19:12,111 - root - New best model! test_loss=8.9216
2026-04-20 22:19:12,128 - root - Sampling failed: Sizes of tensors must match except in dimension 1. Expected size 10 but got size 4 for tensor number 1 in the list.
2026-04-20 22:21:01,328 - root - Training, epoch 11, loss 8.45867, lr 1.345023e-04.
2026-04-20 22:21:07,527 - root - Valid, epoch 11, loss 7.60810.
2026-04-20 22:21:07,528 - root - test loss: 7.608069
2026-04-20 22:21:07,528 - root - Best epoch: 011, saving model to ./results.epoch40/ct_dma-pos-pos_vicinity-10-40-blur-True-False-2-1.0-data_size-500-540-60-144-embd_size-256-256-128-128-head-8-8-bs-32-seqlen-18-120-GraphSAGE-15min-Kinematic-fixed-ENV/model.pt
2026-04-20 22:21:07,761 - root - New best model! test_loss=7.6081
2026-04-20 22:21:07,776 - root - Sampling failed: Sizes of tensors must match except in dimension 1. Expected size 10 but got size 4 for tensor number 1 in the list.
2026-04-20 22:22:56,798 - root - Training, epoch 12, loss 8.09941, lr 9.844697e-04.
2026-04-20 22:23:02,964 - root - Valid, epoch 12, loss 8.30729.
2026-04-20 22:23:02,965 - root - test loss: 8.301692
2026-04-20 22:23:02,979 - root - Sampling failed: Sizes of tensors must match except in dimension 1. Expected size 10 but got size 4 for tensor number 1 in the list.
2026-04-20 22:24:52,182 - root - Training, epoch 13, loss 7.80441, lr 1.000000e-04.
2026-04-20 22:24:58,385 - root - Valid, epoch 13, loss 7.06483.
2026-04-20 22:24:58,386 - root - test loss: 7.075663
2026-04-20 22:24:58,386 - root - Best epoch: 013, saving model to ./results.epoch40/ct_dma-pos-pos_vicinity-10-40-blur-True-False-2-1.0-data_size-500-540-60-144-embd_size-256-256-128-128-head-8-8-bs-32-seqlen-18-120-GraphSAGE-15min-Kinematic-fixed-ENV/model.pt
2026-04-20 22:24:58,626 - root - New best model! test_loss=7.0757
2026-04-20 22:24:58,644 - root - Sampling failed: Sizes of tensors must match except in dimension 1. Expected size 10 but got size 4 for tensor number 1 in the list.
2026-04-20 22:26:47,644 - root - Training, epoch 14, loss 7.43549, lr 8.650391e-04.
2026-04-20 22:26:53,812 - root - Valid, epoch 14, loss 7.73933.
2026-04-20 22:26:53,813 - root - test loss: 7.745256
2026-04-20 22:26:53,828 - root - Sampling failed: Sizes of tensors must match except in dimension 1. Expected size 10 but got size 4 for tensor number 1 in the list.
2026-04-20 22:28:42,841 - root - Training, epoch 15, loss 7.28361, lr 3.439936e-04.
2026-04-20 22:28:49,003 - root - Valid, epoch 15, loss 6.85739.
2026-04-20 22:28:49,004 - root - test loss: 6.853644
2026-04-20 22:28:49,004 - root - Best epoch: 015, saving model to ./results.epoch40/ct_dma-pos-pos_vicinity-10-40-blur-True-False-2-1.0-data_size-500-540-60-144-embd_size-256-256-128-128-head-8-8-bs-32-seqlen-18-120-GraphSAGE-15min-Kinematic-fixed-ENV/model.pt
2026-04-20 22:28:49,251 - root - New best model! test_loss=6.8536
2026-04-20 22:28:49,268 - root - Sampling failed: Sizes of tensors must match except in dimension 1. Expected size 10 but got size 4 for tensor number 1 in the list.
2026-04-20 22:30:38,185 - root - Training, epoch 16, loss 6.92688, lr 4.086093e-04.
2026-04-20 22:30:44,414 - root - Valid, epoch 16, loss 6.34993.
2026-04-20 22:30:44,414 - root - test loss: 6.348922
2026-04-20 22:30:44,414 - root - Best epoch: 016, saving model to ./results.epoch40/ct_dma-pos-pos_vicinity-10-40-blur-True-False-2-1.0-data_size-500-540-60-144-embd_size-256-256-128-128-head-8-8-bs-32-seqlen-18-120-GraphSAGE-15min-Kinematic-fixed-ENV/model.pt
2026-04-20 22:30:44,655 - root - New best model! test_loss=6.3489
2026-04-20 22:30:44,669 - root - Sampling failed: Sizes of tensors must match except in dimension 1. Expected size 10 but got size 4 for tensor number 1 in the list.
2026-04-20 22:32:33,543 - root - Training, epoch 17, loss 6.78618, lr 8.163134e-04.
2026-04-20 22:32:39,716 - root - Valid, epoch 17, loss 7.09698.
2026-04-20 22:32:39,717 - root - test loss: 7.086119
2026-04-20 22:32:39,733 - root - Sampling failed: Sizes of tensors must match except in dimension 1. Expected size 10 but got size 4 for tensor number 1 in the list.
2026-04-20 22:34:28,632 - root - Training, epoch 18, loss 6.52383, lr 1.000000e-04.
2026-04-20 22:34:34,799 - root - Valid, epoch 18, loss 5.86434.
2026-04-20 22:34:34,799 - root - test loss: 5.860517
2026-04-20 22:34:34,799 - root - Best epoch: 018, saving model to ./results.epoch40/ct_dma-pos-pos_vicinity-10-40-blur-True-False-2-1.0-data_size-500-540-60-144-embd_size-256-256-128-128-head-8-8-bs-32-seqlen-18-120-GraphSAGE-15min-Kinematic-fixed-ENV/model.pt
2026-04-20 22:34:35,042 - root - New best model! test_loss=5.8605
2026-04-20 22:34:35,058 - root - Sampling failed: Sizes of tensors must match except in dimension 1. Expected size 10 but got size 4 for tensor number 1 in the list.
2026-04-20 22:36:26,495 - root - Training, epoch 19, loss 6.29882, lr 9.966169e-04.
2026-04-20 22:36:33,266 - root - Valid, epoch 19, loss 6.80392.
2026-04-20 22:36:33,267 - root - test loss: 6.795832
2026-04-20 22:36:33,288 - root - Sampling failed: Sizes of tensors must match except in dimension 1. Expected size 10 but got size 4 for tensor number 1 in the list.
2026-04-20 22:38:22,968 - root - Training, epoch 20, loss 6.15410, lr 1.000000e-04.
2026-04-20 22:38:29,151 - root - Valid, epoch 20, loss 5.62853.
2026-04-20 22:38:29,151 - root - test loss: 5.644240
2026-04-20 22:38:29,151 - root - Best epoch: 020, saving model to ./results.epoch40/ct_dma-pos-pos_vicinity-10-40-blur-True-False-2-1.0-data_size-500-540-60-144-embd_size-256-256-128-128-head-8-8-bs-32-seqlen-18-120-GraphSAGE-15min-Kinematic-fixed-ENV/model.pt
2026-04-20 22:38:29,393 - root - New best model! test_loss=5.6442
2026-04-20 22:38:29,408 - root - Sampling failed: Sizes of tensors must match except in dimension 1. Expected size 10 but got size 4 for tensor number 1 in the list.
2026-04-20 22:40:19,619 - root - Training, epoch 21, loss 5.85620, lr 7.184502e-04.
2026-04-20 22:40:25,869 - root - Valid, epoch 21, loss 5.74301.
2026-04-20 22:40:25,869 - root - test loss: 5.748264
2026-04-20 22:40:25,884 - root - Sampling failed: Sizes of tensors must match except in dimension 1. Expected size 10 but got size 4 for tensor number 1 in the list.
2026-04-20 22:42:16,439 - root - Training, epoch 22, loss 5.75940, lr 5.244781e-04.
2026-04-20 22:42:22,713 - root - Valid, epoch 22, loss 5.70613.
2026-04-20 22:42:22,713 - root - test loss: 5.710509
2026-04-20 22:42:22,731 - root - Sampling failed: Sizes of tensors must match except in dimension 1. Expected size 10 but got size 4 for tensor number 1 in the list.
2026-04-20 22:44:13,426 - root - Training, epoch 23, loss 5.49836, lr 2.386132e-04.
2026-04-20 22:44:19,627 - root - Valid, epoch 23, loss 4.98008.
2026-04-20 22:44:19,627 - root - test loss: 4.980910
2026-04-20 22:44:19,627 - root - Best epoch: 023, saving model to ./results.epoch40/ct_dma-pos-pos_vicinity-10-40-blur-True-False-2-1.0-data_size-500-540-60-144-embd_size-256-256-128-128-head-8-8-bs-32-seqlen-18-120-GraphSAGE-15min-Kinematic-fixed-ENV/model.pt
2026-04-20 22:44:19,876 - root - New best model! test_loss=4.9809
2026-04-20 22:44:19,891 - root - Sampling failed: Sizes of tensors must match except in dimension 1. Expected size 10 but got size 4 for tensor number 1 in the list.
2026-04-20 22:46:10,120 - root - Training, epoch 24, loss 5.36108, lr 9.340166e-04.
2026-04-20 22:46:16,333 - root - Valid, epoch 24, loss 5.90613.
2026-04-20 22:46:16,334 - root - test loss: 5.904685
2026-04-20 22:46:16,354 - root - Sampling failed: Sizes of tensors must match except in dimension 1. Expected size 10 but got size 4 for tensor number 1 in the list.
2026-04-20 22:48:06,523 - root - Training, epoch 25, loss 5.19033, lr 1.000000e-04.
2026-04-20 22:48:12,705 - root - Valid, epoch 25, loss 4.78456.
2026-04-20 22:48:12,705 - root - test loss: 4.786337
2026-04-20 22:48:12,705 - root - Best epoch: 025, saving model to ./results.epoch40/ct_dma-pos-pos_vicinity-10-40-blur-True-False-2-1.0-data_size-500-540-60-144-embd_size-256-256-128-128-head-8-8-bs-32-seqlen-18-120-GraphSAGE-15min-Kinematic-fixed-ENV/model.pt
2026-04-20 22:48:12,943 - root - New best model! test_loss=4.7863
2026-04-20 22:48:12,965 - root - Sampling failed: Sizes of tensors must match except in dimension 1. Expected size 10 but got size 4 for tensor number 1 in the list.
2026-04-20 22:50:02,525 - root - Training, epoch 26, loss 4.98065, lr 9.428766e-04.
2026-04-20 22:50:08,659 - root - Valid, epoch 26, loss 5.56406.
2026-04-20 22:50:08,660 - root - test loss: 5.567346
2026-04-20 22:50:08,680 - root - Sampling failed: Sizes of tensors must match except in dimension 1. Expected size 10 but got size 4 for tensor number 1 in the list.
2026-04-20 22:51:58,091 - root - Training, epoch 27, loss 4.92169, lr 2.230718e-04.
2026-04-20 22:52:04,232 - root - Valid, epoch 27, loss 4.82308.
2026-04-20 22:52:04,232 - root - test loss: 4.813836
2026-04-20 22:52:04,248 - root - Sampling failed: Sizes of tensors must match except in dimension 1. Expected size 10 but got size 4 for tensor number 1 in the list.
2026-04-20 22:53:53,916 - root - Training, epoch 28, loss 4.67250, lr 5.428789e-04.
2026-04-20 22:54:00,090 - root - Valid, epoch 28, loss 4.57759.
2026-04-20 22:54:00,090 - root - test loss: 4.567129
2026-04-20 22:54:00,090 - root - Best epoch: 028, saving model to ./results.epoch40/ct_dma-pos-pos_vicinity-10-40-blur-True-False-2-1.0-data_size-500-540-60-144-embd_size-256-256-128-128-head-8-8-bs-32-seqlen-18-120-GraphSAGE-15min-Kinematic-fixed-ENV/model.pt
2026-04-20 22:54:00,333 - root - New best model! test_loss=4.5671
2026-04-20 22:54:00,349 - root - Sampling failed: Sizes of tensors must match except in dimension 1. Expected size 10 but got size 4 for tensor number 1 in the list.
2026-04-20 22:55:50,232 - root - Training, epoch 29, loss 4.57163, lr 7.017150e-04.
2026-04-20 22:55:56,394 - root - Valid, epoch 29, loss 5.09023.
2026-04-20 22:55:56,394 - root - test loss: 5.099580
2026-04-20 22:55:56,409 - root - Sampling failed: Sizes of tensors must match except in dimension 1. Expected size 10 but got size 4 for tensor number 1 in the list.
2026-04-20 22:57:46,008 - root - Training, epoch 30, loss 4.35367, lr 1.032959e-04.
2026-04-20 22:57:52,159 - root - Valid, epoch 30, loss 4.06476.
2026-04-20 22:57:52,159 - root - test loss: 4.054072
2026-04-20 22:57:52,159 - root - Best epoch: 030, saving model to ./results.epoch40/ct_dma-pos-pos_vicinity-10-40-blur-True-False-2-1.0-data_size-500-540-60-144-embd_size-256-256-128-128-head-8-8-bs-32-seqlen-18-120-GraphSAGE-15min-Kinematic-fixed-ENV/model.pt
2026-04-20 22:57:52,397 - root - New best model! test_loss=4.0541
2026-04-20 22:57:52,414 - root - Sampling failed: Sizes of tensors must match except in dimension 1. Expected size 10 but got size 4 for tensor number 1 in the list.
2026-04-20 22:59:41,827 - root - Training, epoch 31, loss 4.17482, lr 9.941376e-04.
2026-04-20 22:59:47,977 - root - Valid, epoch 31, loss 5.14430.
2026-04-20 22:59:47,977 - root - test loss: 5.149324
2026-04-20 22:59:47,993 - root - Sampling failed: Sizes of tensors must match except in dimension 1. Expected size 10 but got size 4 for tensor number 1 in the list.
2026-04-20 23:01:38,040 - root - Training, epoch 32, loss 3.96995, lr 1.000000e-04.
2026-04-20 23:01:44,259 - root - Valid, epoch 32, loss 3.61938.
2026-04-20 23:01:44,259 - root - test loss: 3.623631
2026-04-20 23:01:44,259 - root - Best epoch: 032, saving model to ./results.epoch40/ct_dma-pos-pos_vicinity-10-40-blur-True-False-2-1.0-data_size-500-540-60-144-embd_size-256-256-128-128-head-8-8-bs-32-seqlen-18-120-GraphSAGE-15min-Kinematic-fixed-ENV/model.pt
2026-04-20 23:01:44,495 - root - New best model! test_loss=3.6236
2026-04-20 23:01:44,515 - root - Sampling failed: Sizes of tensors must match except in dimension 1. Expected size 10 but got size 4 for tensor number 1 in the list.
2026-04-20 23:03:34,160 - root - Training, epoch 33, loss 3.61745, lr 8.303789e-04.
2026-04-20 23:03:40,314 - root - Valid, epoch 33, loss 3.77446.
2026-04-20 23:03:40,315 - root - test loss: 3.780796
2026-04-20 23:03:40,334 - root - Sampling failed: Sizes of tensors must match except in dimension 1. Expected size 10 but got size 4 for tensor number 1 in the list.
2026-04-20 23:05:29,817 - root - Training, epoch 34, loss 3.42027, lr 3.905426e-04.
2026-04-20 23:05:35,967 - root - Valid, epoch 34, loss 3.35453.
2026-04-20 23:05:35,967 - root - test loss: 3.343226
2026-04-20 23:05:35,968 - root - Best epoch: 034, saving model to ./results.epoch40/ct_dma-pos-pos_vicinity-10-40-blur-True-False-2-1.0-data_size-500-540-60-144-embd_size-256-256-128-128-head-8-8-bs-32-seqlen-18-120-GraphSAGE-15min-Kinematic-fixed-ENV/model.pt
2026-04-20 23:05:36,235 - root - New best model! test_loss=3.3432
2026-04-20 23:05:36,250 - root - Sampling failed: Sizes of tensors must match except in dimension 1. Expected size 10 but got size 4 for tensor number 1 in the list.
2026-04-20 23:07:25,537 - root - Training, epoch 35, loss 3.01216, lr 3.616187e-04.
2026-04-20 23:07:31,697 - root - Valid, epoch 35, loss 2.43288.
2026-04-20 23:07:31,697 - root - test loss: 2.435571
2026-04-20 23:07:31,697 - root - Best epoch: 035, saving model to ./results.epoch40/ct_dma-pos-pos_vicinity-10-40-blur-True-False-2-1.0-data_size-500-540-60-144-embd_size-256-256-128-128-head-8-8-bs-32-seqlen-18-120-GraphSAGE-15min-Kinematic-fixed-ENV/model.pt
2026-04-20 23:07:31,926 - root - New best model! test_loss=2.4356
2026-04-20 23:07:31,946 - root - Sampling failed: Sizes of tensors must match except in dimension 1. Expected size 10 but got size 4 for tensor number 1 in the list.
2026-04-20 23:09:21,451 - root - Training, epoch 36, loss 2.71731, lr 8.521899e-04.
2026-04-20 23:09:27,603 - root - Valid, epoch 36, loss 3.09288.
2026-04-20 23:09:27,603 - root - test loss: 3.099997
2026-04-20 23:09:27,618 - root - Sampling failed: Sizes of tensors must match except in dimension 1. Expected size 10 but got size 4 for tensor number 1 in the list.
2026-04-20 23:11:17,247 - root - Training, epoch 37, loss 2.36959, lr 1.000000e-04.
2026-04-20 23:11:23,418 - root - Valid, epoch 37, loss 1.74126.
2026-04-20 23:11:23,419 - root - test loss: 1.741162
2026-04-20 23:11:23,419 - root - Best epoch: 037, saving model to ./results.epoch40/ct_dma-pos-pos_vicinity-10-40-blur-True-False-2-1.0-data_size-500-540-60-144-embd_size-256-256-128-128-head-8-8-bs-32-seqlen-18-120-GraphSAGE-15min-Kinematic-fixed-ENV/model.pt
2026-04-20 23:11:23,656 - root - New best model! test_loss=1.7412
2026-04-20 23:11:23,675 - root - Sampling failed: Sizes of tensors must match except in dimension 1. Expected size 10 but got size 4 for tensor number 1 in the list.
2026-04-20 23:13:13,824 - root - Training, epoch 38, loss 1.89194, lr 9.887002e-04.
2026-04-20 23:13:20,038 - root - Valid, epoch 38, loss 2.05022.
2026-04-20 23:13:20,038 - root - test loss: 2.076524
2026-04-20 23:13:20,056 - root - Sampling failed: Sizes of tensors must match except in dimension 1. Expected size 10 but got size 4 for tensor number 1 in the list.
2026-04-20 23:15:10,640 - root - Training, epoch 39, loss 1.25580, lr 1.221682e-04.
2026-04-20 23:15:16,851 - root - Valid, epoch 39, loss 0.52278.
2026-04-20 23:15:16,851 - root - test loss: 0.536122
2026-04-20 23:15:16,852 - root - Best epoch: 039, saving model to ./results.epoch40/ct_dma-pos-pos_vicinity-10-40-blur-True-False-2-1.0-data_size-500-540-60-144-embd_size-256-256-128-128-head-8-8-bs-32-seqlen-18-120-GraphSAGE-15min-Kinematic-fixed-ENV/model.pt
2026-04-20 23:15:17,091 - root - New best model! test_loss=0.5361
2026-04-20 23:15:17,107 - root - Sampling failed: Sizes of tensors must match except in dimension 1. Expected size 10 but got size 4 for tensor number 1 in the list.
2026-04-20 23:17:08,255 - root - Training, epoch 40, loss 0.37201, lr 6.740489e-04.
2026-04-20 23:17:14,508 - root - Valid, epoch 40, loss 0.05806.
2026-04-20 23:17:14,508 - root - test loss: 0.066343
2026-04-20 23:17:14,508 - root - Best epoch: 040, saving model to ./results.epoch40/ct_dma-pos-pos_vicinity-10-40-blur-True-False-2-1.0-data_size-500-540-60-144-embd_size-256-256-128-128-head-8-8-bs-32-seqlen-18-120-GraphSAGE-15min-Kinematic-fixed-ENV/model.pt
2026-04-20 23:17:14,740 - root - New best model! test_loss=0.0663
2026-04-20 23:17:14,754 - root - Sampling failed: Sizes of tensors must match except in dimension 1. Expected size 10 but got size 4 for tensor number 1 in the list.
2026-04-20 23:17:14,755 - root - Last epoch: 039, saving model to ./results.epoch40/ct_dma-pos-pos_vicinity-10-40-blur-True-False-2-1.0-data_size-500-540-60-144-embd_size-256-256-128-128-head-8-8-bs-32-seqlen-18-120-GraphSAGE-15min-Kinematic-fixed-ENV/model.pt
